2024-12-26 17:10:35 - duong -  Đăng nhập
2024-12-26 17:10:44 - duong - Sửa khóa học ID: 20
2024-12-27 14:02:37 - admin - Sửa tên, icon website: 1
2024-12-27 14:02:51 - admin - Sửa tên, icon website: 2
2024-12-27 15:16:28 - admin - Xóa bài viết ID: 44
2024-12-27 15:18:52 - admin - Xóa bài viết ID: 44
2024-12-27 15:19:55 - admin - Xóa bài viết ID: 44
2024-12-27 15:20:32 - admin - Xóa bài viết ID: 59
2024-12-27 15:21:02 - admin - Xóa bài viết ID: 45
2024-12-27 15:21:04 - admin - Xóa bài viết ID: 45
2024-12-27 15:21:06 - admin - Xóa bài viết ID: 45
2024-12-27 15:50:57 - admin - Xóa bài viết ID: 77
2024-12-27 15:51:16 - admin - Xóa bài viết ID: 20
2024-12-27 15:51:18 - admin - Xóa bài viết ID: 21
2024-12-27 15:51:19 - admin - Xóa bài viết ID: 37
2024-12-27 15:51:21 - admin - Xóa bài viết ID: 40
2024-12-27 15:51:52 - admin - Xóa bài viết ID: 23
2024-12-27 15:52:32 - admin - Xóa bài viết ID: 23
2024-12-27 16:45:58 - admin - Sửa tên, icon website ID: 2
2024-12-27 17:02:25 - admin -  Đăng nhập
2024-12-29 20:21:39 - admin - Đăng xuất
2024-12-29 20:21:44 - admin -  Đăng nhập
2024-12-29 22:10:14 - admin -  Đăng nhập
2024-12-29 22:13:48 - admin - Xóa bài viết ID: 22
2024-12-30 08:56:13 - admin - Đăng xuất
2024-12-30 08:56:24 - admin -  Đăng nhập
2024-12-30 08:56:43 - admin - Xóa bài viết ID: 17
2024-12-30 08:57:23 - admin - Xóa bài viết ID: 14
2024-12-30 09:21:03 - admin - Xóa bài viết ID: 14
2024-12-30 09:21:08 - admin - Xóa bài viết ID: 14
2024-12-30 09:40:31 - admin - Xóa bài viết ID: 14
2024-12-30 09:55:45 - admin - Đăng xuất
2024-12-30 09:55:50 - duong -  Đăng nhập
2024-12-30 09:56:04 - duong - Đăng xuất
2024-12-30 09:56:11 - admin -  Đăng nhập
2024-12-30 10:07:50 - admin - Xóa bài viết ID: 44
2024-12-30 10:08:00 - admin - Xóa bài viết ID: 44
2024-12-30 10:08:05 - admin - Xóa bài viết ID: 44
2024-12-30 10:10:34 - admin - Xóa bài viết ID: 44
2024-12-30 10:19:56 - admin - Phục hồi bài viết ID: 45
2024-12-30 10:22:02 - admin -  Đăng nhập
2024-12-30 10:30:09 - admin - Phục hồi bài viết ID: 14
2024-12-30 10:30:12 - admin - Xóa sản phẩm ID: 23
2024-12-30 10:30:15 - admin - Phục hồi bài viết ID: 17
2024-12-30 10:47:05 - admin - Phục hồi bài viết ID: 22
2024-12-30 10:47:09 - admin - Xóa bài viết ID: 22
2024-12-30 11:02:01 - admin - Xóa khóa học ID: 17
2024-12-30 11:02:04 - admin - Xóa khóa học ID: 17
2024-12-30 11:02:22 - admin - Xóa khóa học ID: 38
2024-12-30 11:02:28 - admin - Xóa khóa học ID: 38
2024-12-30 11:04:03 - admin - Phục hồi khóa học ID: 38
2024-12-30 11:04:08 - admin - Phục hồi khóa học ID: 37
2024-12-30 11:04:10 - admin - Phục hồi khóa học ID: 20
2024-12-30 11:24:33 - admin - Xóa liên hệ ID: 40
2024-12-30 11:24:39 - admin - Xóa khóa học ID: 37
2024-12-30 11:24:41 - admin - Xóa liên hệ ID: 37
2024-12-30 13:54:37 - admin - Xóa khóa học ID: 31
2024-12-30 13:54:38 - admin - Xóa khóa học ID: 24
2024-12-30 13:54:41 - admin - Xóa khóa học ID: 34
2024-12-30 13:54:46 - admin - Xóa khóa học ID: 11
2024-12-30 14:08:44 - admin - Xóa liên hệ ID: 34
2024-12-30 14:08:52 - admin - Phục hồi khóa học ID: 31
2024-12-30 14:08:56 - admin - Xóa khóa học ID: 31
2024-12-30 14:25:55 - admin - Phục hồi bài viết ID: 22
2024-12-30 14:26:01 - admin - Xóa bài viết ID: 22
2024-12-30 14:27:04 - admin - Xóa bài viết ID: 22
2024-12-30 14:27:07 - admin - Xóa bài viết ID: 17
2024-12-30 14:27:41 - admin - Sửa khóa học ID: 38
2024-12-30 14:38:22 - admin - Xóa khóa học ID: 20
2024-12-30 14:39:09 - admin - Xóa bài viết ID: 45
2024-12-30 14:43:25 - admin - Xóa bài viết ID: 70
2024-12-30 14:43:37 - admin - Phục hồi bài viết ID: 77
2024-12-30 14:43:42 - admin - Phục hồi bài viết ID: 70
2024-12-30 14:43:47 - admin - Xóa bài viết ID: 70
2024-12-30 14:45:18 - admin - Phục hồi bài viết ID: 44
2024-12-30 14:48:13 - admin - Phục hồi bài viết ID: 44
2024-12-30 14:50:37 - admin - Phục hồi bài viết ID: 44
2024-12-30 14:50:44 - admin - Xóa bài viết ID: 77
2024-12-30 14:50:50 - admin - Xóa bài viết ID: 77
2024-12-30 15:34:39 - admin - Xóa bài viết ID: 77
2024-12-30 15:35:44 - admin - Xóa bài viết ID: 77
2024-12-30 15:40:21 - admin -  Đăng nhập
2024-12-30 15:40:45 - admin -  Đăng nhập
2024-12-30 15:45:44 - admin -  Đăng nhập
2024-12-30 16:26:03 - admin -  Đăng nhập
2024-12-30 16:41:21 - admin -  Đăng nhập
2024-12-30 16:44:11 - duong -  Đăng nhập
2024-12-30 16:47:52 - duong -  Đăng nhập
2024-12-30 16:48:31 - duong - Đăng xuất
2024-12-30 16:48:36 - admin -  Đăng nhập
2024-12-30 17:17:13 - admin - Thêm bài viết ID: 86
2024-12-30 17:17:44 - admin - Sửa bài viết ID: 86
2024-12-31 08:25:44 - admin - Đăng xuất
2024-12-31 10:11:52 - admin - Xóa bài viết ID: 1
2024-12-31 10:11:58 - admin - Xóa bài viết ID: 1
2024-12-31 10:15:14 - admin - Xóa bài viết ID: 1
2024-12-31 10:15:19 - admin - Xóa bài viết ID: 1
2024-12-31 10:15:19 - admin - Sửa footer
2024-12-31 13:34:51 - admin - Xóa bài viết ID: 25
2024-12-31 13:34:52 - admin - Xóa bài viết ID: 25
2024-12-31 13:35:05 - admin - Xóa bài viết ID: 24
2024-12-31 13:35:07 - admin - Xóa bài viết ID: 24
2024-12-31 14:16:04 - admin - Xóa bài viết ID: 13
2024-12-31 14:16:12 - admin - Xóa bài viết ID: 13
2024-12-31 14:16:12 - admin - Sửa sản phẩm ID: 13
2024-12-31 14:23:58 - admin - Xóa bài viết ID: 14
2024-12-31 14:38:02 - admin - Xóa bài viết ID: 14
2024-12-31 14:38:37 - admin - Thêm liên hệ ID: 23
2024-12-31 14:38:44 - admin - Xóa bài viết ID: 24
2024-12-31 14:40:46 - admin - Xóa bài viết ID: 24
2024-12-31 14:40:46 - admin - Sửa sản phẩm ID: 24
2024-12-31 14:43:51 - admin - Xóa bài viết ID: 24
2024-12-31 14:44:04 - admin - Xóa bài viết ID: 24
2024-12-31 14:44:07 - admin - Xóa bài viết ID: 24
2024-12-31 14:44:07 - admin - Sửa sản phẩm ID: 24
2024-12-31 14:44:10 - admin - Xóa bài viết ID: 24
2024-12-31 14:44:13 - admin - Xóa bài viết ID: 24
2024-12-31 14:44:13 - admin - Sửa sản phẩm ID: 24
2024-12-31 14:44:17 - admin - Xóa bài viết ID: 14
2024-12-31 14:44:19 - admin - Xóa bài viết ID: 14
2024-12-31 14:44:19 - admin - Sửa sản phẩm ID: 14
2024-12-31 14:44:25 - admin - Xóa bài viết ID: 14
2024-12-31 14:44:29 - admin - Xóa bài viết ID: 14
2024-12-31 14:44:29 - admin - Sửa sản phẩm ID: 14
2024-12-31 14:44:31 - admin - Xóa bài viết ID: 14
2024-12-31 14:44:33 - admin - Xóa bài viết ID: 14
2024-12-31 14:44:33 - admin - Sửa sản phẩm ID: 14
2024-12-31 14:44:37 - admin - Xóa bài viết ID: 13
2024-12-31 14:44:40 - admin - Xóa bài viết ID: 13
2024-12-31 14:44:40 - admin - Sửa sản phẩm ID: 13
2024-12-31 14:44:43 - admin - Xóa bài viết ID: 13
2024-12-31 14:44:45 - admin - Xóa bài viết ID: 13
2024-12-31 14:44:45 - admin - Sửa sản phẩm ID: 13
2024-12-31 14:44:56 - admin - Xóa bài viết ID: 14
2024-12-31 14:45:06 - admin - Xóa bài viết ID: 14
2024-12-31 14:45:06 - admin - Sửa sản phẩm ID: 14
2024-12-31 14:45:11 - admin - Xóa bài viết ID: 14
2024-12-31 14:45:17 - admin - Xóa bài viết ID: 14
2024-12-31 14:45:17 - admin - Sửa sản phẩm ID: 14
2024-12-31 14:47:47 - admin - Xóa bài viết ID: 13
2024-12-31 14:47:53 - admin - Xóa bài viết ID: 13
2024-12-31 14:47:53 - admin - Sửa sản phẩm ID: 13
2024-12-31 14:47:56 - admin - Xóa bài viết ID: 24
2024-12-31 14:48:00 - admin - Xóa bài viết ID: 24
2024-12-31 14:48:00 - admin - Sửa sản phẩm ID: 24
2025-01-02 08:07:33 - admin - Đăng xuất
2025-01-02 08:07:36 - admin -  Đăng nhập
2025-01-02 08:07:50 - admin - Xóa bài viết ID: 87
2025-01-02 08:07:57 - admin - Xóa bài viết ID: 87
2025-01-02 08:19:17 - admin - Sửa bài viết ID: 79
2025-01-02 08:24:00 - admin - Xóa bài viết ID: 85
2025-01-02 08:24:27 - admin - Xóa bài viết ID: 85
2025-01-02 08:24:36 - admin - Phục hồi bài viết ID: 87
2025-01-02 08:24:39 - admin - Xóa bài viết ID: 87
2025-01-02 08:25:17 - admin - Xóa bài viết ID: 87
2025-01-02 08:25:22 - admin - Xóa bài viết ID: 87
2025-01-02 08:25:27 - admin - Phục hồi bài viết ID: 47
2025-01-02 08:40:17 - admin - Xóa bài viết ID: 24
2025-01-02 08:40:21 - admin - Xóa bài viết ID: 24
2025-01-02 08:56:59 - duong -  Đăng nhập
2025-01-02 09:13:58 - duong - Đăng xuất
2025-01-02 09:14:03 - duong -  Đăng nhập
2025-01-02 09:14:11 - duong - Xóa bài viết ID: 24
2025-01-02 09:14:14 - duong - Xóa bài viết ID: 24
2025-01-02 09:15:31 - duong - Xóa bài viết ID: 24
2025-01-02 09:15:33 - duong - Xóa bài viết ID: 24
2025-01-02 09:15:36 - duong - Xóa bài viết ID: 24
2025-01-02 09:18:02 - duong - Sửa khóa học ID: 17
2025-01-02 09:22:40 - duong - Xóa khóa học ID: 38
2025-01-02 11:03:39 - admin - Đăng xuất
2025-01-02 11:03:39 - admin - Đăng xuất
2025-01-02 16:48:42 - duong -  Đăng nhập
2025-01-02 16:48:57 - duong - Xóa liên hệ ID: 20
2025-01-02 16:49:01 - duong - Phục hồi liên hệ ID: 4
2025-01-02 16:49:05 - duong - Xóa liên hệ ID: 19
2025-01-02 16:49:08 - duong - Xóa vĩnh viễn liên hệ ID: 20
2025-01-02 16:49:08 - duong - Xóa vĩnh viễn liên hệ ID: 20
2025-01-02 16:49:23 - duong - Thêm bài viết ID: 87
2025-01-02 16:50:50 - duong - Sửa bài viết ID: 88
2025-01-02 16:51:17 - duong - Sửa bài viết ID: 88
2025-01-02 16:52:32 - duong - Thêm bài viết ID: 89
2025-01-02 16:53:50 - duong - Xóa bài viết ID: 89
2025-01-02 16:54:05 - duong - Thêm bài viết ID: 90
2025-01-02 17:04:20 - duong - Sửa banner ID: 1
2025-01-02 17:04:27 - duong - Sửa banner ID: 3
2025-01-02 17:04:59 - duong - Xóa bài viết ID: 14
2025-01-02 17:05:05 - duong - Xóa bài viết ID: 13
2025-01-02 17:05:10 - duong - Đăng xuất
2025-01-02 17:05:17 - admin -  Đăng nhập
2025-01-02 17:05:23 - admin - Phục hồi bài viết ID: 45
2025-01-02 17:05:26 - admin - Xóa bài viết ID: 45
2025-01-02 17:05:30 - admin - Xóa bài viết ID: 70
2025-01-02 17:05:44 - admin - Xóa bài viết ID: 47
2025-01-03 14:00:31 - admin - Đăng xuất
2025-01-03 14:00:35 - admin -  Đăng nhập
2025-01-03 14:00:39 - admin - Đăng xuất
2025-01-03 14:00:48 - admin -  Đăng nhập
2025-01-03 14:01:22 - admin - Sửa banner ID: 8
2025-01-03 14:09:07 - admin - Đăng xuất
2025-01-03 14:09:11 - duong -  Đăng nhập
2025-01-03 14:15:43 - duong - Đăng xuất
2025-01-03 14:15:48 - admin -  Đăng nhập
2025-01-03 14:16:01 - admin - Đăng xuất
2025-01-03 14:17:25 - duong -  Đăng nhập
2025-01-03 14:18:46 - duong - Đăng xuất
2025-01-03 14:18:49 - admin -  Đăng nhập
2025-01-03 14:19:20 - admin - Xóa bài viết ID: 79
2025-01-03 14:24:04 - admin - Xóa bài viết ID: 7
2025-01-03 14:29:00 - admin - Xóa use ID: 7
2025-01-03 14:29:07 - admin - Thêm use ID: 122025-01-03 14:30:05 - admin - Phục hồi bài viết ID: 13
2025-01-03 14:30:06 - admin - Phục hồi bài viết ID: 14
2025-01-03 14:30:08 - admin - Phục hồi bài viết ID: 17
2025-01-03 14:30:09 - admin - Phục hồi bài viết ID: 22
2025-01-03 14:30:10 - admin - Phục hồi bài viết ID: 24
2025-01-03 14:30:16 - admin - Phục hồi bài viết ID: 24
2025-01-03 14:30:22 - admin - Xóa bài viết ID: 24
2025-01-03 14:37:14 - admin - Xóa bài viết ID: 24
2025-01-03 14:37:55 - admin - Thêm bài viết ID: 126
2025-01-03 14:39:11 - admin - Sửa bài viết ID: 126
2025-01-03 14:48:14 - admin - Sửa bài viết ID: 126
2025-01-03 14:49:08 - admin - Sửa bài viết ID: 124
2025-01-03 14:49:45 - admin - Sửa bài viết ID: 124
2025-01-03 15:42:09 - admin - Sửa bài viết ID: 115
2025-01-03 15:51:04 - admin - Thêm bài viết ID: 127
2025-01-03 15:52:10 - admin - Sửa bài viết ID: 115
2025-01-03 15:52:20 - admin - Sửa bài viết ID: 116
2025-01-03 16:44:47 - admin - Thêm bài viết ID: 128
2025-01-05 11:36:55 - admin -  Đăng nhập
2025-01-05 11:37:16 - admin - Đăng xuất
2025-01-05 11:37:19 - duong -  Đăng nhập
2025-01-05 11:38:24 - admin -  Đăng nhập
2025-01-05 11:38:40 - duong - Xóa bài viết ID: 117
2025-01-05 11:38:45 - duong - Xóa bài viết ID: 117
2025-01-05 11:38:47 - duong - Xóa bài viết ID: 86
2025-01-05 11:38:58 - admin - Phục hồi bài viết ID: 117
2025-01-05 11:39:00 - duong - Xóa bài viết ID: 86
2025-01-05 11:39:12 - duong - Xóa bài viết ID: 93
2025-01-05 11:39:27 - duong - Xóa bài viết ID: 127
2025-01-05 11:39:55 - duong - Xóa liên hệ ID: 4
2025-01-05 11:39:59 - admin - Phục hồi liên hệ ID: 19
2025-01-05 11:40:01 - duong - Xóa liên hệ ID: 4
2025-01-05 11:40:02 - duong - Xóa liên hệ ID: 4
2025-01-05 11:40:04 - duong - Xóa liên hệ ID: 19
2025-01-05 11:40:05 - admin - Phục hồi liên hệ ID: 19
2025-01-05 11:40:06 - admin - Phục hồi liên hệ ID: 19
2025-01-05 11:40:06 - admin - Phục hồi liên hệ ID: 19
2025-01-05 11:40:07 - admin - Phục hồi liên hệ ID: 19
2025-01-05 11:40:07 - admin - Phục hồi liên hệ ID: 19
2025-01-05 11:40:08 - admin - Phục hồi liên hệ ID: 19
2025-01-05 11:40:08 - admin - Phục hồi liên hệ ID: 19
2025-01-05 11:40:09 - admin - Phục hồi liên hệ ID: 19
2025-01-05 11:40:10 - admin - Phục hồi liên hệ ID: 19
2025-01-05 11:40:11 - admin - Phục hồi liên hệ ID: 19
2025-01-05 11:40:12 - admin - Phục hồi liên hệ ID: 19
2025-01-05 11:40:13 - admin - Phục hồi liên hệ ID: 19
2025-01-05 11:40:14 - admin - Phục hồi liên hệ ID: 19
2025-01-05 11:40:14 - admin - Phục hồi liên hệ ID: 19
2025-01-05 11:40:15 - admin - Phục hồi liên hệ ID: 19
2025-01-05 11:40:16 - admin - Phục hồi liên hệ ID: 19
2025-01-05 11:40:16 - admin - Phục hồi liên hệ ID: 19
2025-01-05 11:40:17 - admin - Phục hồi liên hệ ID: 19
2025-01-05 11:40:18 - duong - Xóa liên hệ ID: 19
2025-01-05 11:40:20 - duong - Xóa liên hệ ID: 19
2025-01-05 11:40:20 - duong - Xóa liên hệ ID: 19
2025-01-05 11:40:21 - duong - Xóa liên hệ ID: 19
2025-01-05 11:40:21 - duong - Xóa liên hệ ID: 19
2025-01-05 11:40:22 - duong - Xóa liên hệ ID: 19
2025-01-05 11:40:22 - duong - Xóa liên hệ ID: 19
2025-01-05 11:40:23 - duong - Xóa liên hệ ID: 19
2025-01-05 11:40:23 - admin - Phục hồi liên hệ ID: 19
2025-01-05 11:40:24 - admin - Phục hồi liên hệ ID: 19
2025-01-05 11:40:25 - admin - Phục hồi liên hệ ID: 19
2025-01-05 11:40:25 - admin - Phục hồi liên hệ ID: 19
2025-01-05 11:40:26 - admin - Phục hồi liên hệ ID: 19
2025-01-05 11:40:26 - duong - Xóa liên hệ ID: 19
2025-01-05 11:40:27 - duong - Xóa liên hệ ID: 19
2025-01-05 11:40:28 - duong - Xóa liên hệ ID: 19
2025-01-05 11:40:28 - duong - Xóa liên hệ ID: 19
2025-01-05 11:40:42 - duong - Xóa bài viết ID: 22
2025-01-05 11:40:43 - duong - Xóa bài viết ID: 22
2025-01-05 11:40:44 - duong - Xóa bài viết ID: 22
2025-01-05 11:40:49 - duong - Xóa bài viết ID: 13
2025-01-05 11:40:50 - duong - Xóa bài viết ID: 13
2025-01-05 11:40:57 - duong - Xóa bài viết ID: 14
2025-01-05 11:40:59 - duong - Xóa bài viết ID: 17
2025-01-05 11:41:05 - admin - Phục hồi bài viết ID: 13
2025-01-05 11:41:06 - duong - Xóa bài viết ID: 17
2025-01-05 11:41:09 - duong - Xóa bài viết ID: 13
2025-01-05 11:41:10 - admin - Phục hồi bài viết ID: 13
2025-01-05 11:41:11 - admin - Phục hồi bài viết ID: 13
2025-01-05 11:41:11 - admin - Phục hồi bài viết ID: 13
2025-01-05 11:41:12 - admin - Phục hồi bài viết ID: 13
2025-01-05 11:41:12 - admin - Phục hồi bài viết ID: 13
2025-01-05 11:41:13 - admin - Phục hồi bài viết ID: 13
2025-01-05 11:41:13 - admin - Phục hồi bài viết ID: 13
2025-01-05 11:41:13 - admin - Phục hồi bài viết ID: 13
2025-01-05 11:41:13 - admin - Phục hồi bài viết ID: 13
2025-01-05 11:41:14 - admin - Phục hồi bài viết ID: 13
2025-01-05 11:41:14 - admin - Phục hồi bài viết ID: 13
2025-01-05 11:41:15 - admin - Phục hồi bài viết ID: 13
2025-01-05 11:41:15 - admin - Phục hồi bài viết ID: 13
2025-01-05 11:41:16 - admin - Phục hồi bài viết ID: 13
2025-01-05 11:41:17 - admin - Phục hồi bài viết ID: 13
2025-01-05 11:41:17 - admin - Phục hồi bài viết ID: 13
2025-01-05 11:41:18 - admin - Phục hồi bài viết ID: 13
2025-01-05 11:41:19 - admin - Phục hồi bài viết ID: 13
2025-01-05 11:41:41 - admin - Phục hồi bài viết ID: 13
2025-01-05 11:42:44 - duong - Xóa bài viết ID: 13
2025-01-05 11:42:57 - admin - Phục hồi bài viết ID: 13
2025-01-05 11:49:07 - admin - Phục hồi bài viết ID: 13
2025-01-05 12:08:13 - duong - Đăng xuất
2025-01-05 12:08:17 - duong -  Đăng nhập
2025-01-05 13:49:34 - admin - Xóa bài viết ID: 128
2025-01-05 13:50:00 - admin - Phục hồi bài viết ID: 128
2025-01-05 13:50:06 - admin - Phục hồi bài viết ID: 127
2025-01-05 13:57:12 - duong - Đăng xuất
2025-01-05 13:57:21 - duong -  Đăng nhập
2025-01-05 13:57:32 - admin - Phục hồi liên hệ ID: 4
2025-01-05 13:57:38 - duong - Xóa liên hệ ID: 4
2025-01-05 13:57:47 - admin - Phục hồi liên hệ ID: 4
2025-01-05 13:57:52 - admin - Phục hồi liên hệ ID: 19
2025-01-05 13:57:56 - duong - Xóa liên hệ ID: 4
2025-01-05 13:58:03 - duong - Xóa liên hệ ID: 19
2025-01-05 13:58:05 - admin - Phục hồi liên hệ ID: 4
2025-01-05 13:58:08 - admin - Xóa liên hệ ID: 4
2025-01-05 13:58:34 - duong - Thêm bài viết ID: 129
2025-01-06 08:37:48 - admin - Đăng xuất
2025-01-06 08:37:53 - admin -  Đăng nhập
2025-01-06 14:16:00 - Admin - admin - Xóa bài viết ID: 129
2025-01-06 14:18:57 - Admin - admin - Phục hồi bài viết ID: 14
2025-01-06 14:19:43 - bigupdate - admin - Phục hồi bài viết ID: 17
2025-01-06 14:26:36 - bigupdate - admin - Phục hồi bài viết ID: 59
2025-01-06 14:33:57 - bigupdate - admin - Xóa bài viết ID: 13
2025-01-06 14:55:48 - bigupdate - admin - Xóa bài viết ID: 13
2025-01-06 15:00:07 - bigupdate - admin - Xóa bài viết ID: 13
2025-01-06 15:04:10 - bigupdate - admin - Xóa bài viết ID: 17
2025-01-06 15:08:35 - bigupdate - admin - Đăng xuất
2025-01-06 15:08:49 - bigupdate - admin -  Đăng nhập
2025-01-06 15:12:20 - bigupdate - admin - Xóa bài viết ID: 13
2025-01-06 15:19:03 - bigupdate - admin - Xóa bài viết ID: 14
2025-01-06 15:19:10 - bigupdate - admin - Xóa bài viết ID: 13
2025-01-06 15:19:18 - bigupdate - admin - Phục hồi bài viết ID: 22
2025-01-06 15:19:24 - bigupdate - admin - Xóa bài viết ID: 22
2025-01-06 15:19:32 - bigupdate - admin - Sửa bài viết ID: 64
2025-01-06 15:19:46 - bigupdate - admin - Sửa bài viết ID: 65
2025-01-06 15:19:52 - bigupdate - admin - Sửa bài viết ID: 66
2025-01-06 15:20:03 - bigupdate - admin - Xóa bài viết ID: 13
2025-01-06 15:23:19 - bigupdate - admin - Xóa bài viết ID: 13
2025-01-06 15:23:27 - bigupdate - admin - Xóa bài viết ID: 1
2025-01-06 15:24:11 - bigupdate - admin - Xóa bài viết ID: 1
2025-01-06 15:27:55 - bigupdate - duong -  Đăng nhập
2025-01-06 15:28:05 - bigupdate - duong - Sửa bài viết ID: 44
2025-01-06 15:28:08 - bigupdate - duong - Xóa bài viết ID: 13
2025-01-06 16:19:50 - bigupdate - admin - Xóa bài viết ID: 13
2025-01-06 16:23:11 - bigupdate - admin - Đăng xuất
2025-01-06 16:23:22 - bigupdate - admin - Đăng xuất
2025-01-06 16:23:27 - bigupdate - admin -  Đăng nhập
2025-01-06 16:23:27 - bigupdate - admin - Đăng xuất
2025-01-06 16:23:32 - bigupdate - admin -  Đăng nhập
2025-01-06 16:23:32 - bigupdate - admin - Đăng xuất
2025-01-06 16:23:38 - bigupdate - admin - Đăng xuất
2025-01-06 16:23:42 - bigupdate - duong -  Đăng nhập
2025-01-06 16:23:42 - bigupdate - duong - Đăng xuất
2025-01-06 16:24:27 - bigupdate - admin -  Đăng nhập
2025-01-06 16:24:27 - bigupdate - admin - Đăng xuất
2025-01-06 16:24:45 - bigupdate - admin - Đăng xuất
2025-01-06 16:24:49 - bigupdate - admin -  Đăng nhập
2025-01-06 16:24:49 - bigupdate - admin - Đăng xuất
2025-01-06 16:26:23 - bigupdate - admin -  Đăng nhập
2025-01-06 16:26:31 - bigupdate - admin - Đăng xuất
2025-01-06 16:26:35 - bigupdate - admin -  Đăng nhập
2025-01-06 16:28:06 - bigupdate - duong -  Đăng nhập
2025-01-06 16:28:07 - bigupdate - duong -  Đăng nhập
2025-01-06 16:30:50 - bigupdate - admin - Xóa bài viết ID: 13
2025-01-06 16:41:43 - ico_web0106v2 - admin -  Đăng nhập
2025-01-07 13:50:10 - ico_web0106v2 - admin - Xóa bài viết ID: 13
2025-01-07 13:50:36 - ico_web0106v2 - admin - Xóa bài viết ID: 22
2025-01-07 13:53:35 - ico_web0106v2 - admin - Xóa sản phẩm ID: 17
2025-01-07 14:22:36 - ico_web0106v2 - admin - Xóa bài viết ID: 13
2025-01-07 14:27:26 - ico_web0106v2 - admin - Sửa bài viết ID: 44
2025-01-07 14:33:37 - ico_web0106v2 - admin - Sửa bài viết ID: 44
2025-01-07 14:35:57 - ico_web0106v2 - admin - Thêm bài viết ID: 130
2025-01-07 15:06:32 - ico_web0106v2 - admin - Sửa bài viết ID: 128
2025-01-07 15:14:20 - ico_web0106v2 - admin - Xóa bài viết ID: 130
2025-01-07 15:14:26 - ico_web0106v2 - admin - Xóa bài viết ID: 128
2025-01-07 15:14:29 - ico_web0106v2 - admin - Xóa bài viết ID: 127
2025-01-07 15:15:24 - ico_web0106v2 - admin - Thêm bài viết ID: 131
2025-01-07 15:16:26 - ico_web0106v2 - admin - Sửa bài viết ID: 131
2025-01-07 15:17:47 - ico_web0106v2 - admin - Thêm bài viết ID: 132
2025-01-07 15:24:41 - ico_web0106v2 - admin - Thêm bài viết ID: 133
2025-01-07 15:40:48 - ico_web0106v2 - admin - Thêm bài viết ID: 134
2025-01-07 15:41:14 - ico_web0106v2 - admin - Sửa bài viết ID: 134
2025-01-07 15:50:20 - ico_web0106v2 - admin - Thêm bài viết ID: 135
2025-01-07 15:53:27 - ico_web0106v2 - admin - Thêm liên hệ ID: 2
2025-01-07 16:02:12 - ico_web0106v2 - admin - Sửa bài viết ID: 135
2025-01-07 16:12:09 - ico_web0106v2 - admin - Sửa bài viết ID: 135
2025-01-07 16:19:32 - ico_web0106v2 - admin - Sửa bài viết ID: 135
2025-01-07 16:19:45 - ico_web0106v2 - admin - Xóa bài viết ID: 13
2025-01-07 16:23:06 - ico_web0106v2 - admin - Xóa bài viết ID: 13
2025-01-07 16:29:15 - ico_web0106v2 - admin - Sửa footer
2025-01-07 16:30:07 - ico_web0106v2 - admin - Sửa sản phẩm ID: 
2025-01-07 16:30:13 - ico_web0106v2 - admin - Sửa sản phẩm ID: 
2025-01-07 16:33:34 - ico_web0106v2 - admin - Sửa footer
2025-01-07 21:30:45 - ico_web0106v2 - duong -  Đăng nhập
2025-01-07 21:31:49 - ico_web0106v2 - admin -  Đăng nhập
2025-01-07 21:39:35 - ico_web0106v2 - admin - Xóa sản phẩm ID: 0
2025-01-07 21:39:41 - ico_web0106v2 - admin - Phục hồi bài viết ID: 24
2025-01-07 21:39:42 - ico_web0106v2 - admin - Phục hồi bài viết ID: 17
2025-01-07 21:39:43 - ico_web0106v2 - admin - Phục hồi bài viết ID: 13
2025-01-07 21:39:50 - ico_web0106v2 - admin - Xóa sản phẩm ID: 0
2025-01-07 21:39:50 - ico_web0106v2 - admin - Xóa sản phẩm ID: 1
2025-01-07 21:39:50 - ico_web0106v2 - admin - Xóa sản phẩm ID: 2
2025-01-07 21:41:15 - ico_web0106v2 - admin - Phục hồi bài viết ID: 14
2025-01-07 21:41:17 - ico_web0106v2 - admin - Phục hồi bài viết ID: 17
2025-01-07 21:41:18 - ico_web0106v2 - admin - Phục hồi bài viết ID: 22
2025-01-07 22:06:09 - ico_web0106v2 - admin - Phục hồi bài viết ID: 24
2025-01-07 22:22:14 - ico_web0106v2 - admin - Xóa sản phẩm ID: 0
2025-01-07 22:22:14 - ico_web0106v2 - admin - Xóa sản phẩm ID: 1
2025-01-07 22:22:28 - ico_web0106v2 - admin - Phục hồi bài viết ID: 13
2025-01-07 22:53:35 - ico_web0106v2 - admin -  Đăng nhập
2025-01-07 22:55:25 - ico_web0106v2 - admin -  Đăng nhập
2025-01-07 22:56:11 - ico_web0106v2 - admin - Xóa sản phẩm ID: 0
2025-01-07 22:56:17 - ico_web0106v2 - admin - Xóa sản phẩm ID: 0
2025-01-07 22:56:17 - ico_web0106v2 - admin - Xóa sản phẩm ID: 1
2025-01-07 23:27:11 - ico_web0106v2 - admin -  Đăng nhập
2025-01-07 23:27:47 - ico_web0106v2 - admin - Phục hồi bài viết ID: 13
2025-01-07 23:27:48 - ico_web0106v2 - admin - Phục hồi bài viết ID: 14
2025-01-07 23:27:51 - ico_web0106v2 - admin - Phục hồi bài viết ID: 22
2025-01-08 08:21:40 - ico_web0106v2 - admin - Thêm bài viết ID: 136
2025-01-08 08:22:31 - ico_web0106v2 - admin - Sửa bài viết ID: 136
2025-01-08 08:23:26 - ico_web0106v2 - admin - Thêm bài viết ID: 137
2025-01-08 08:45:46 - ico_web0106v2 - admin - Thêm bài viết ID: 138
2025-01-08 08:47:16 - ico_web0106v2 - admin - Phục hồi bài viết ID: 86
2025-01-08 08:59:46 - ico_web0106v2 - admin - Xóa sản phẩm ID: 0
2025-01-08 08:59:46 - ico_web0106v2 - admin - Xóa sản phẩm ID: 1
2025-01-08 08:59:53 - ico_web0106v2 - admin - Phục hồi bài viết ID: 17
2025-01-08 08:59:55 - ico_web0106v2 - admin - Phục hồi bài viết ID: 14
2025-01-08 09:19:32 - ico_web0106v2 - admin - Xóa bài viết ID: 0
2025-01-08 09:19:39 - ico_web0106v2 - admin - Phục hồi bài viết ID: 44
2025-01-08 09:19:44 - ico_web0106v2 - admin - Xóa bài viết ID: 0
2025-01-08 09:19:44 - ico_web0106v2 - admin - Xóa bài viết ID: 1
2025-01-08 09:19:47 - ico_web0106v2 - admin - Phục hồi bài viết ID: 44
2025-01-08 09:19:49 - ico_web0106v2 - admin - Phục hồi bài viết ID: 47
2025-01-08 09:19:51 - ico_web0106v2 - admin - Phục hồi bài viết ID: 45
2025-01-08 09:20:19 - ico_web0106v2 - admin - Xóa bài viết ID: 70
2025-01-08 09:20:23 - ico_web0106v2 - admin - Xóa bài viết ID: 93
2025-01-08 09:20:26 - ico_web0106v2 - admin - Xóa bài viết ID: 102
2025-01-08 09:20:45 - ico_web0106v2 - admin - Xóa bài viết ID: 44
2025-01-08 09:46:32 - ico_web0106v2 - admin - Xóa sản phẩm ID: 0
2025-01-08 09:46:32 - ico_web0106v2 - admin - Xóa sản phẩm ID: 1
2025-01-08 09:48:14 - ico_web0106v2 - admin - Xóa sản phẩm ID: 0
2025-01-08 09:49:58 - ico_web0106v2 - admin - Phục hồi liên hệ ID: 4
2025-01-08 09:50:00 - ico_web0106v2 - admin - Phục hồi liên hệ ID: 19
2025-01-08 10:05:07 - ico_web0106v2 - admin - Xóa bài viết ID: 134,dhduc
2025-01-08 10:05:07 - ico_web0106v2 - admin - Xóa bài viết ID: 135,dhduc
2025-01-08 10:05:07 - ico_web0106v2 - admin - Xóa bài viết ID: 136,dhduc
2025-01-08 10:05:07 - ico_web0106v2 - admin - Xóa bài viết ID: 137,dhduc
2025-01-08 10:12:00 - ico_web0106v2 - admin - Phục hồi khóa học ID: 20
2025-01-08 10:12:01 - ico_web0106v2 - admin - Phục hồi khóa học ID: 21
2025-01-08 10:14:46 - ico_web0106v2 - admin - Xóa khóa học ID: 17
2025-01-08 10:14:53 - ico_web0106v2 - admin - Xóa khóa học ID: 20
2025-01-08 10:14:53 - ico_web0106v2 - admin - Xóa khóa học ID: 21
2025-01-08 10:14:57 - ico_web0106v2 - admin - Xóa khóa học ID: 41
2025-01-08 10:15:31 - ico_web0106v2 - admin - Phục hồi khóa học ID: 17
2025-01-08 10:15:31 - ico_web0106v2 - admin - Phục hồi khóa học ID: 17
2025-01-08 10:15:31 - ico_web0106v2 - admin - Phục hồi khóa học ID: 17
2025-01-08 10:15:31 - ico_web0106v2 - admin - Phục hồi khóa học ID: 17
2025-01-08 10:15:32 - ico_web0106v2 - admin - Phục hồi khóa học ID: 17
2025-01-08 10:15:32 - ico_web0106v2 - admin - Phục hồi khóa học ID: 17
2025-01-08 10:15:32 - ico_web0106v2 - admin - Phục hồi khóa học ID: 17
2025-01-08 10:15:32 - ico_web0106v2 - admin - Phục hồi khóa học ID: 17
2025-01-08 10:15:32 - ico_web0106v2 - admin - Phục hồi khóa học ID: 17
2025-01-08 10:15:34 - ico_web0106v2 - admin - Phục hồi khóa học ID: 20
2025-01-08 10:15:34 - ico_web0106v2 - admin - Phục hồi khóa học ID: 20
2025-01-08 10:15:34 - ico_web0106v2 - admin - Phục hồi khóa học ID: 20
2025-01-08 10:15:34 - ico_web0106v2 - admin - Phục hồi khóa học ID: 20
2025-01-08 10:15:34 - ico_web0106v2 - admin - Phục hồi khóa học ID: 20
2025-01-08 10:15:35 - ico_web0106v2 - admin - Phục hồi khóa học ID: 21
2025-01-08 10:15:35 - ico_web0106v2 - admin - Phục hồi khóa học ID: 21
2025-01-08 10:15:35 - ico_web0106v2 - admin - Phục hồi khóa học ID: 21
2025-01-08 10:15:35 - ico_web0106v2 - admin - Phục hồi khóa học ID: 21
2025-01-08 10:15:36 - ico_web0106v2 - admin - Phục hồi khóa học ID: 38
2025-01-08 10:15:36 - ico_web0106v2 - admin - Phục hồi khóa học ID: 38
2025-01-08 10:15:38 - ico_web0106v2 - admin - Phục hồi khóa học ID: 41
2025-01-08 10:15:38 - ico_web0106v2 - admin - Phục hồi khóa học ID: 41
2025-01-08 10:17:17 - ico_web0106v2 - admin - Xóa khóa học ID: 17
2025-01-08 10:17:17 - ico_web0106v2 - admin - Xóa khóa học ID: 20
2025-01-08 10:17:17 - ico_web0106v2 - admin - Xóa khóa học ID: 21
2025-01-08 10:17:17 - ico_web0106v2 - admin - Xóa khóa học ID: 38
2025-01-08 10:17:17 - ico_web0106v2 - admin - Xóa khóa học ID: 41
2025-01-08 10:34:20 - ico_web0106v2 - admin - Xóa bài viết ID: 45
2025-01-08 10:34:25 - ico_web0106v2 - admin - Xóa bài viết ID: 47
2025-01-08 10:34:28 - ico_web0106v2 - admin - Xóa bài viết ID: 131
2025-01-08 10:34:33 - ico_web0106v2 - admin - Xóa bài viết ID: 132
2025-01-08 10:34:33 - ico_web0106v2 - admin - Xóa bài viết ID: 133
2025-01-08 10:34:52 - ico_web0106v2 - admin - Phục hồi bài viết ID: 44
2025-01-08 10:34:53 - ico_web0106v2 - admin - Phục hồi bài viết ID: 45
2025-01-08 10:34:58 - ico_web0106v2 - admin - Phục hồi bài viết ID: 47
2025-01-08 10:35:08 - ico_web0106v2 - admin - Xóa bài viết ID: 63
2025-01-08 10:35:10 - ico_web0106v2 - admin - Phục hồi bài viết ID: 63
2025-01-08 10:35:19 - ico_web0106v2 - admin - Xóa bài viết ID: 63
2025-01-08 10:35:26 - ico_web0106v2 - admin - Xóa bài viết ID: 60
2025-01-08 10:35:31 - ico_web0106v2 - admin - Xóa bài viết ID: 61
2025-01-08 10:35:35 - ico_web0106v2 - admin - Xóa bài viết ID: 62
2025-01-08 10:35:49 - ico_web0106v2 - admin - Phục hồi bài viết ID: 60
2025-01-08 10:35:51 - ico_web0106v2 - admin - Phục hồi bài viết ID: 61
2025-01-08 10:35:52 - ico_web0106v2 - admin - Phục hồi bài viết ID: 62
2025-01-08 10:59:18 - ico_web0106v2 - admin - Thêm thân trang chủ ID: 20
2025-01-08 11:11:50 - ico_web0106v2 - admin - Xóa bài viết ID: 4
2025-01-08 11:17:10 - ico_web0106v2 - admin - Xóa bài viết ID: 14
2025-01-08 11:17:19 - ico_web0106v2 - admin - Xóa bài viết ID: 11
2025-01-08 11:17:40 - ico_web0106v2 - admin - Xóa bài viết ID: 10
2025-01-08 14:34:11 - ico_web0106v2 - admin - Xóa trang chủ bài viết ID: 122025-01-08 14:53:41 - ico_web0106v2 - admin - Xóa vĩnh viễn trang chủ bài viết ID: 16
2025-01-08 14:53:47 - ico_web0106v2 - admin - Xóa vĩnh viễn trang chủ bài viết ID: 18
2025-01-08 14:53:58 - ico_web0106v2 - admin - Xóa trang chủ bài viết ID: 19
2025-01-08 15:02:46 - ico_web0106v2 - admin - Xóa vĩnh viễn bài viết ID: 125
2025-01-08 15:02:46 - ico_web0106v2 - admin - Xóa vĩnh viễn bài viết ID: 127
2025-01-08 15:02:46 - ico_web0106v2 - admin - Xóa vĩnh viễn bài viết ID: 128
2025-01-08 15:02:46 - ico_web0106v2 - admin - Xóa vĩnh viễn bài viết ID: 129
2025-01-08 15:02:46 - ico_web0106v2 - admin - Xóa vĩnh viễn bài viết ID: 130
2025-01-08 15:07:20 - ico_web0106v2 - admin - Thêm liên hệ ID: 25
2025-01-08 15:07:26 - ico_web0106v2 - admin - Sửa sản phẩm ID: 
2025-01-08 15:07:29 - ico_web0106v2 - admin - Xóa sản phẩm ID: 25
2025-01-08 15:07:34 - ico_web0106v2 - admin - Xóa vĩnh viễn sản phẩm ID: 25
2025-01-08 15:07:40 - ico_web0106v2 - admin - Xóa vĩnh viễn sản phẩm ID: 13
2025-01-08 15:07:40 - ico_web0106v2 - admin - Xóa vĩnh viễn sản phẩm ID: 14
2025-01-08 15:12:17 - ico_web0106v2 - admin - Xóa vĩnh viễn khóa học ID: 11
2025-01-08 15:12:21 - ico_web0106v2 - admin - Xóa vĩnh viễn khóa học ID: 24
2025-01-08 15:12:21 - ico_web0106v2 - admin - Xóa vĩnh viễn khóa học ID: 31
2025-01-08 15:12:28 - ico_web0106v2 - admin - Xóa khóa học ID: 32
2025-01-08 15:12:28 - ico_web0106v2 - admin - Xóa khóa học ID: 39
2025-01-08 15:12:33 - ico_web0106v2 - admin - Xóa vĩnh viễn khóa học ID: 32
2025-01-08 15:12:33 - ico_web0106v2 - admin - Xóa vĩnh viễn khóa học ID: 39
2025-01-08 15:12:45 - ico_web0106v2 - admin - Thêm liên hệ ID: 2
2025-01-08 15:12:59 - ico_web0106v2 - admin - Thêm liên hệ ID: 2
2025-01-08 15:13:04 - ico_web0106v2 - admin - Xóa khóa học ID: 43
2025-01-08 15:13:07 - ico_web0106v2 - admin - Xóa vĩnh viễn khóa học ID: 43
2025-01-08 15:16:57 - ico_web0106v2 - admin - Xóa vĩnh viễn thông tin liên hệ ID: 4
2025-01-08 15:17:18 - ico_web0106v2 - admin - Xóa bài viết ID: 19
2025-01-08 15:17:21 - ico_web0106v2 - admin - Xóa vĩnh viễn thông tin liên hệ ID: 19
2025-01-08 15:22:48 - ico_web0106v2 - admin - Phục hồi trang chủ bài viết ID: 12
2025-01-08 15:22:49 - ico_web0106v2 - admin - Phục hồi trang chủ bài viết ID: 15
2025-01-08 15:22:51 - ico_web0106v2 - admin - Phục hồi trang chủ bài viết ID: 19
2025-01-08 15:22:59 - ico_web0106v2 - admin - Xóa bài viết trang chủ ID: 12
2025-01-08 15:26:11 - ico_web0106v2 - admin - Xóa bài viết trang chủ ID: 19
2025-01-08 15:26:20 - ico_web0106v2 - admin - Phục hồi trang chủ bài viết ID: 19
2025-01-08 15:27:36 - ico_web0106v2 - admin - Thêm use ID: 102025-01-08 15:31:14 - ico_web0106v2 - duong -  Đăng nhập
2025-01-08 15:37:50 - ico_web0106v2 - duong - Xóa sản phẩm ID: 22
2025-01-08 15:51:41 - duong - Đăng xuất
2025-01-08 15:51:55 - ico_web0106v2 - admin - Phục hồi khóa học ID: 17
2025-01-08 15:51:56 - ico_web0106v2 - admin - Phục hồi khóa học ID: 20
2025-01-08 15:51:57 - ico_web0106v2 - admin - Phục hồi khóa học ID: 21
2025-01-08 15:51:58 - ico_web0106v2 - admin - Phục hồi khóa học ID: 38
2025-01-08 15:51:58 - ico_web0106v2 - admin - Phục hồi khóa học ID: 38
2025-01-08 15:51:58 - ico_web0106v2 - admin - Phục hồi khóa học ID: 38
2025-01-08 15:52:07 - ico_web0106v2 - admin - Phục hồi bài viết ID: 63
2025-01-08 16:03:41 - ico_web0106v2 - admin - Thêm bài viết ID: 139
2025-01-08 16:04:11 - ico_web0106v2 - admin - Sửa bài viết ID: 139
2025-01-08 16:12:15 - ico_web0106v2 - admin - Thêm bài viết ID: 140
2025-01-08 16:12:46 - ico_web0106v2 - admin - Sửa bài viết ID: 140
2025-01-09 21:16:21 - ico_web0108v2 - admin -  Đăng nhập
2025-01-09 21:16:33 - ico_web0108v2 - admin -  Đăng nhập
2025-01-09 21:17:12 - ico_web0108v2 - admin - Xóa trang chủ bài viết ID: 15
2025-01-09 21:17:16 - ico_web0108v2 - admin - Phục hồi trang chủ bài viết ID: 15
2025-01-09 21:18:01 - ico_web0108v2 - admin - Thêm thân trang chủ ID: 23
2025-01-09 21:18:25 - ico_web0108v2 - admin - Sửa bài viết ID: 23
2025-01-09 21:19:09 - ico_web0108v2 - admin - Thêm bài viết ID: 137
2025-01-09 21:50:36 - ico_web0108v2 - admin - Thêm liên hệ ID: 2
2025-01-09 22:37:23 - ico_web0108v2 - admin - Sửa link
2025-01-10 07:34:56 - ico_web0108v2 - admin -  Đăng nhập
2025-01-10 07:37:28 - ico_web0108v2 - admin - Thêm bài viết ID: 138
2025-01-10 08:00:31 - ico_web0108v2 - admin -  Đăng nhập
2025-01-10 08:00:40 - ico_web0108v2 - admin - Sửa link
2025-01-10 08:01:02 - ico_web0108v2 - admin - Phục hồi bài viết ID: 17
2025-01-10 08:01:03 - ico_web0108v2 - admin - Phục hồi bài viết ID: 22
2025-01-10 13:55:25 - ico_web0108v2 - admin -  Đăng nhập
2025-01-10 13:59:38 - ico_web0108v2 - admin - Thêm bài viết ID: 141
2025-01-10 14:46:03 - ico_web0108v2 - admin - Sửa bài viết ID: 44
2025-01-10 15:07:23 - ico_web0108v2 - admin - Xóa bài viết ID: 63
2025-01-11 09:06:11 - ico_web0108v2 - admin -  Đăng nhập
2025-01-11 09:06:36 - ico_web0108v2 - admin - Thêm bài viết ID: 142
2025-01-11 09:19:18 - ico_web0108v2 - admin - Sửa bài viết ID: 142
2025-01-11 09:19:53 - ico_web0108v2 - admin - Sửa bài viết ID: 142
2025-01-11 09:21:31 - ico_web0108v2 - admin - Sửa bài viết ID: 142
2025-01-11 09:25:53 - ico_web0108v2 - admin - Sửa bài viết ID: 142
2025-01-11 09:32:16 - ico_web0108v2 - admin -  Đăng nhập
2025-01-11 09:51:41 - ico_web0108v2 - admin -  Đăng nhập
2025-01-12 14:31:28 - ico_web0108v2 - admin -  Đăng nhập
2025-01-12 14:34:49 - ico_web0108v2 - admin -  Đăng nhập
2025-01-12 14:51:34 - ico_web0108v2 - admin - Đăng xuất
2025-01-12 14:51:54 - ico_web0108v2 - admin - Đăng xuất
2025-01-12 14:52:59 - ico_web0108v2 - admin - Đăng xuất
2025-01-12 14:53:21 - ico_web0108v2 - duong -  Đăng nhập
2025-01-12 14:53:30 - ico_web0108v2 - duong - Đăng xuất
2025-01-12 14:54:19 - ico_web0108v2 - admin -  Đăng nhập
2025-01-12 14:54:27 - ico_web0108v2 - admin - Đăng xuất
2025-01-12 14:54:45 - ico_web0108v2 - admin -  Đăng nhập
2025-01-12 16:53:16 - ico_web0108v2 - admin -  Đăng nhập
2025-01-12 20:06:26 - ico_web0108v2 - admin - Đăng xuất
2025-01-12 20:06:34 - ico_web0108v2 - duong -  Đăng nhập
2025-01-13 14:09:22 - duong - Đăng xuất
2025-01-13 14:09:28 - ico_web0108v2 - admin -  Đăng nhập
2025-01-13 14:32:58 - ico_web0108v2 - admin - Đăng xuất
2025-01-13 14:33:05 - ico_web0108v2 - duong -  Đăng nhập
2025-01-13 14:48:21 - duong - Đăng xuất
2025-01-13 14:48:42 - ico_web0108v2 - admin -  Đăng nhập
2025-01-13 15:29:17 - ico_web0108v2 - admin - Đăng xuất
2025-01-13 15:29:22 - ico_web0108v2 - duong -  Đăng nhập
2025-01-13 15:31:20 - ico_web0108v2 - duong - Đăng xuất
2025-01-13 15:31:24 - ico_web0108v2 - admin -  Đăng nhập
2025-01-13 15:48:53 - ico_web0108v2 - admin - Đăng xuất
2025-01-13 15:48:58 - ico_web0108v2 - duong -  Đăng nhập
2025-01-13 15:49:10 - ico_web0108v2 - admin - Đăng xuất
2025-01-13 15:49:14 - ico_web0108v2 - admin -  Đăng nhập
2025-01-13 16:27:38 - ico_web0108v2 - admin - Đăng xuất
2025-01-13 16:27:44 - ico_web0108v2 - duong -  Đăng nhập
2025-01-13 16:27:59 - ico_web0108v2 - duong - Đăng xuất
2025-01-13 16:28:04 - ico_web0108v2 - admin -  Đăng nhập
2025-01-13 16:28:18 - ico_web0108v2 - admin - Thêm use ID: 162025-01-13 16:28:50 - ico_web0108v2 - qwe -  Đăng nhập
2025-01-13 16:52:59 - qwe - Đăng xuất
2025-01-13 16:53:04 - ico_web0108v2 - admin -  Đăng nhập
2025-01-13 16:59:05 - ico_web0108v2 - admin - Thêm use ID: 172025-01-13 17:00:58 - ico_web0108v2 - admin -  Đăng nhập
2025-01-13 17:13:27 - ico_web0108v2 - admin - Đăng xuất
2025-01-13 17:13:31 - ico_web0108v2 - qwer -  Đăng nhập
2025-01-13 17:15:07 - ico_web0108v2 - qwer - Đăng xuất
2025-01-13 17:15:11 - ico_web0108v2 - duong -  Đăng nhập
2025-01-13 17:41:44 - duong - Đăng xuất
2025-01-13 17:41:49 - ico_web0108v2 - admin -  Đăng nhập
2025-01-13 17:41:59 - duong - Đăng xuất
2025-01-13 17:44:16 - ico_web0108v2 - admin - Đăng xuất
2025-01-13 17:44:27 - ico_web0108v2 - admin -  Đăng nhập
2025-01-13 17:44:33 - ico_web0108v2 - admin - Đăng xuất
2025-01-13 17:44:37 - ico_web0108v2 - admin -  Đăng nhập
2025-01-13 17:45:31 - ico_web0108v2 - admin - Đăng xuất
2025-01-13 17:45:36 - ico_web0108v2 - admin -  Đăng nhập
2025-01-13 17:46:00 - ico_web0108v2 - admin - Đăng xuất
2025-01-13 17:46:22 - ico_web0108v2 - admin -  Đăng nhập
2025-01-13 17:46:25 - ico_web0108v2 - admin - Đăng xuất
2025-01-13 17:46:35 - ico_web0108v2 - admin -  Đăng nhập
2025-01-13 17:47:18 - ico_web0108v2 - admin - Đăng xuất
2025-01-13 17:47:22 - ico_web0108v2 - admin -  Đăng nhập
2025-01-13 17:47:22 - ico_web0108v2 - admin - Đăng xuất
2025-01-13 17:47:29 - ico_web0108v2 - admin -  Đăng nhập
2025-01-13 17:48:21 - ico_web0108v2 - admin - Đăng xuất
2025-01-13 17:48:27 - ico_web0108v2 - duong -  Đăng nhập
2025-01-13 17:48:27 - ico_web0108v2 - duong - Đăng xuất
2025-01-13 17:48:44 - ico_web0108v2 - admin -  Đăng nhập
2025-01-13 17:48:47 - ico_web0108v2 - admin - Đăng xuất
2025-01-13 17:48:51 - ico_web0108v2 - admin -  Đăng nhập
2025-01-13 17:48:51 - ico_web0108v2 - admin - Đăng xuất
2025-01-13 17:49:36 - ico_web0108v2 - admin -  Đăng nhập
2025-01-13 17:49:36 - ico_web0108v2 - admin - Đăng xuất
2025-01-13 17:49:39 - ico_web0108v2 - admin -  Đăng nhập
2025-01-13 17:49:42 - ico_web0108v2 - admin - Đăng xuất
2025-01-13 17:51:34 - ico_web0108v2 - admin -  Đăng nhập
2025-01-13 17:51:37 - ico_web0108v2 - admin - Đăng xuất
2025-01-13 17:51:44 - ico_web0108v2 - admin -  Đăng nhập
2025-01-13 22:43:24 - ico_web0108v2 - admin -  Đăng nhập
2025-01-13 22:44:13 - ico_web0108v2 - admin - Thêm liên hệ ID: 25
2025-01-14 08:49:45 - ico_web0108v2 - admin - Thêm use ID: 182025-01-14 08:50:17 - ico_web0108v2 - admin - Thêm use ID: 192025-01-14 08:57:46 - ico_web0108v2 - admin - Thêm use ID: 202025-01-14 08:57:53 - ico_web0108v2 - admin - Thêm use ID: 212025-01-14 09:00:45 - ico_web0108v2 - admin - Thêm use ID: 222025-01-14 09:23:10 - ico_web0108v2 - admin - Đăng xuất
2025-01-14 09:23:14 - ico_web0108v2 - duong -  Đăng nhập
2025-01-14 09:23:36 - ico_web0108v2 - duong - Đăng xuất
2025-01-14 09:23:42 - ico_web0108v2 - admin -  Đăng nhập
2025-01-14 09:23:55 - ico_web0108v2 - admin - Thêm use ID: 182025-01-14 09:23:58 - ico_web0108v2 - admin - Đăng xuất
2025-01-14 09:24:03 - ico_web0108v2 - duong2 -  Đăng nhập
2025-01-14 09:30:23 - ico_web0108v2 - duong2 - Đăng xuất
2025-01-14 09:30:26 - ico_web0108v2 - admin -  Đăng nhập
2025-01-14 10:15:41 - ico_web0108v2 - abcxyz -  Đăng nhập
2025-01-14 10:16:23 - ico_web0108v2 - abcxyz - Đăng xuất
2025-01-14 10:16:28 - ico_web0108v2 - abcxyz -  Đăng nhập
2025-01-14 10:21:26 - ico_web0108v2 -  - Sửa use ID: 
2025-01-14 10:21:57 - ico_web0108v2 - abcxyz - Đăng xuất
2025-01-14 10:22:21 - ico_web0108v2 - Admin -  Đăng nhập
2025-01-14 10:22:24 - ico_web0108v2 - Admin - Đăng xuất
2025-01-14 10:23:00 - ico_web0108v2 - abcxyz -  Đăng nhập
2025-01-14 10:25:30 - ico_web0108v2 - abcxyz - Thêm bài viết ID: 143
2025-01-14 10:32:37 - ico_web0108v2 - abcxyz - Sửa bài viết ID: 143
2025-01-14 10:34:13 - ico_web0108v2 - abcxyz - Sửa bài viết ID: 143
2025-01-14 10:41:15 - ico_web0108v2 -  - Thêm use ID: 242025-01-14 10:41:21 - ico_web0108v2 - abcxyz - Đăng xuất
2025-01-14 10:41:24 - ico_web0108v2 - unknown -  Đăng nhập
2025-01-14 11:24:32 - ico_web0108v2 -  - Đăng xuất
2025-01-14 11:24:59 - ico_web0108v2 - Admin -  Đăng nhập
2025-01-14 11:25:17 - ico_web0108v2 - Admin - Sửa use ID: 
2025-01-14 11:26:58 - ico_web0108v2 - abcxyz -  Đăng nhập
2025-01-14 11:27:10 - ico_web0108v2 - Admin - Sửa use ID: 
2025-01-14 11:27:14 - ico_web0108v2 - abcxyz - Đăng xuất
2025-01-14 11:28:22 - ico_web0108v2 - abcxyz -  Đăng nhập
2025-01-14 11:28:34 - ico_web0108v2 - Admin - Sửa use ID: 
2025-01-14 11:30:38 - ico_web0108v2 - Admin - Sửa use ID: 15
2025-01-14 11:30:44 - ico_web0108v2 - abcxyz - Đăng xuất
2025-01-14 11:30:46 - ico_web0108v2 - abcxyz -  Đăng nhập
2025-01-14 13:36:31 - ico_web0108v2 - Admin - Đăng xuất
2025-01-14 13:36:56 - ico_web0108v2 - Admin -  Đăng nhập
2025-01-14 13:44:19 - ico_web0108v2 - Admin - Đăng xuất
2025-01-14 13:44:24 - ico_web0108v2 - Admin -  Đăng nhập
2025-01-14 14:00:15 - ico_web0108v2 - Admin -  Đăng nhập
2025-01-14 14:19:16 - ico_web0108v2 - Admin - Đăng xuất
2025-01-14 14:19:20 - ico_web0108v2 - abcxyz -  Đăng nhập
2025-01-14 14:19:28 - ico_web0108v2 - abcxyz - Sửa bài viết ID: 143
2025-01-14 14:22:45 - ico_web0108v2 - abcxyz - Sửa bài viết ID: 143
2025-01-14 14:24:11 - ico_web0108v2 - abcxyz - Đăng xuất
2025-01-14 14:24:30 - ico_web0108v2 - abcxyz -  Đăng nhập
2025-01-14 14:24:48 - ico_web0108v2 - abcxyz - Đăng xuất
2025-01-14 14:24:51 - ico_web0108v2 - Admin -  Đăng nhập
2025-01-14 14:29:54 - ico_web0108v2 - Admin - Xóa vĩnh viễn bài viết ID: 131
2025-01-14 14:30:03 - ico_web0108v2 - Admin - Xóa vĩnh viễn bài viết ID: 132
2025-01-14 14:43:32 - ico_web0108v2 - abcxyz - Đăng xuất
2025-01-14 14:44:22 - ico_web0108v2 - Admin -  Đăng nhập
2025-01-14 14:45:03 - ico_web0108v2 - Admin - Xóa thùng rác
2025-01-14 14:51:52 - ico_web0108v2 - Admin - Xóa vĩnh viễn khóa học ID: 41
2025-01-14 14:52:45 - ico_web0108v2 - Admin - Xóa khóa học ID: 20
2025-01-14 14:53:00 - ico_web0108v2 - Admin - Xóa vĩnh viễn khóa học ID: 20
2025-01-14 14:53:10 - ico_web0108v2 - Admin - Xóa khóa học ID: 19
2025-01-14 15:05:03 - ico_web0108v2 - Admin -  Đăng nhập
2025-01-14 15:05:18 - ico_web0108v2 - Admin - Xóa bài viết ID: 21
2025-01-14 15:05:18 - ico_web0108v2 - Admin - Xóa bài viết ID: 22
2025-01-14 15:05:22 - ico_web0108v2 - Admin - Xóa bài viết ID: 22
2025-01-14 15:05:25 - ico_web0108v2 - Admin - Phục hồi liên hệ ID: 21
2025-01-14 15:05:25 - ico_web0108v2 - Admin - Phục hồi liên hệ ID: 22
2025-01-14 15:05:29 - ico_web0108v2 - Admin - Xóa bài viết ID: 21
2025-01-14 15:05:29 - ico_web0108v2 - Admin - Xóa bài viết ID: 22
2025-01-14 15:05:35 - ico_web0108v2 - Admin - Xóa bài viết ID: 22
2025-01-14 15:05:45 - ico_web0108v2 - Admin - Xóa khóa học ID: 17
2025-01-14 15:05:45 - ico_web0108v2 - Admin - Xóa khóa học ID: 21
2025-01-14 15:05:45 - ico_web0108v2 - Admin - Xóa khóa học ID: 38
2025-01-14 15:07:33 - ico_web0108v2 - Admin - Xóa thùng rác liên hệ ID
2025-01-14 15:24:51 - ico_web0108v2 - Admin - Xóa thùng rác khóa học
2025-01-14 15:24:56 - ico_web0108v2 - Admin - Xóa thùng rác sản phẩm
2025-01-14 15:25:05 - ico_web0108v2 - Admin - Xóa bài viết ID: 67
2025-01-14 15:25:07 - ico_web0108v2 - Admin - Xóa thùng rác
2025-01-14 15:26:18 - ico_web0108v2 - Admin - Đăng xuất
2025-01-14 15:26:22 - ico_web0108v2 - Admin -  Đăng nhập
2025-01-14 15:26:25 - ico_web0108v2 - Admin - Đăng xuất
2025-01-14 15:26:30 - ico_web0108v2 - abcxyz -  Đăng nhập
2025-01-14 15:26:54 - ico_web0108v2 - Admin - Xóa bài viết ID: 15
2025-01-14 15:26:54 - ico_web0108v2 - Admin - Xóa bài viết ID: 16
2025-01-14 15:27:08 - ico_web0108v2 - Admin - Xóa bài viết ID: 23
2025-01-14 15:34:19 - ico_web0108v2 - Admin - Xóa sản phẩm ID: 17
2025-01-14 15:34:19 - ico_web0108v2 - Admin - Xóa sản phẩm ID: 22
2025-01-14 15:34:24 - ico_web0108v2 - Admin - Xóa thùng rác sản phẩm
2025-01-14 15:37:38 - ico_web0108v2 - Admin - Đăng xuất
2025-01-14 15:50:43 - ico_web0108v2 - Admin -  Đăng nhập
2025-01-14 15:52:27 - ico_web0108v2 - Admin - Thêm bài viết ID: 144
2025-01-14 15:52:45 - ico_web0108v2 - Admin - Sửa bài viết ID: 144
2025-01-14 15:53:03 - ico_web0108v2 - Admin - Thêm bài viết ID: 145
2025-01-14 15:55:17 - ico_web0108v2 - Admin - Thêm bài viết ID: 146
2025-01-14 15:57:25 - ico_web0108v2 - Admin - Thêm bài viết ID: 147
2025-01-14 16:02:16 - ico_web0108v2 - Admin - Đăng xuất
2025-01-14 16:02:21 - ico_web0108v2 - Admin -  Đăng nhập
2025-01-14 16:02:57 - ico_web0108v2 - Admin - Thêm bài viết ID: 148
2025-01-14 16:05:44 - ico_web0108v2 - Admin - Thêm bài viết ID: 149
2025-01-14 16:07:19 - ico_web0108v2 - Admin - Thêm bài viết ID: 150
2025-01-14 16:11:00 - ico_web0108v2 - Admin - Thêm bài viết ID: 151
2025-01-14 16:44:21 - ico_web0108v2 - unknown -  Đăng nhập
2025-01-14 16:50:56 - ico_web0108v2 - unknown - Sửa use ID: 
2025-01-14 16:51:10 - ico_web0108v2 - unknown - Đăng xuất
2025-01-14 16:51:15 - ico_web0108v2 - Điền tên người dùng -  Đăng nhập
2025-01-14 16:53:25 - ico_web0108v2 - Điền tên người dùng - Thêm bài viết ID: 152
2025-01-14 17:02:08 - ico_web0108v2 - Điền tên người dùng - Sửa bài viết ID: 152
2025-01-14 17:13:46 - ico_web0108v2 - Điền tên người dùng - Đăng xuất
2025-01-14 17:13:50 - ico_web0108v2 - Admin -  Đăng nhập
2025-01-14 17:18:52 - ico_web0108v2 - Admin - Thêm bài viết ID: 153
2025-01-14 17:22:13 - ico_web0108v2 - Admin - Thêm bài viết ID: 154
2025-01-14 19:44:25 - ico_web0108v2 - Admin - Thêm bài viết ID: 155
2025-01-14 19:44:59 - ico_web0108v2 - Admin - Sửa bài viết ID: 155
2025-01-15 09:13:18 - ico_web0108v2 - Admin - Xóa trang chủ bài viết ID: 15
2025-01-15 10:42:01 - ico_web0108v2 - unknown -  Đăng nhập
2025-01-15 10:42:07 - ico_web0108v2 - unknown - Sửa use ID: 24
2025-01-15 10:42:08 - ico_web0108v2 - unknown - Đăng xuất
2025-01-15 10:42:12 - ico_web0108v2 - unknown -  Đăng nhập
2025-01-15 10:43:03 - ico_web0108v2 - Admin - Đăng xuất
2025-01-15 10:43:10 - ico_web0108v2 - unknown - Đăng xuất
2025-01-15 10:43:15 - ico_web0108v2 - Admin -  Đăng nhập
2025-01-15 10:44:34 - ico_web0108v2 - Admin - Xóa Công ty thành viên: 7
2025-01-15 10:44:58 - ico_web0108v2 - Admin - Phục hồi công ty thành viên ID: 7
2025-01-15 10:45:00 - ico_web0108v2 - Admin - Xóa Công ty thành viên: 7
2025-01-15 10:57:35 - ico_web0108v2 - Admin - Xóa công ty thành viên ID: 2
2025-01-15 10:57:38 - ico_web0108v2 - Admin - Phục hồi công ty thành viên ID: 2
2025-01-15 10:57:44 - ico_web0108v2 - Admin - Xóa vĩnh viễn công ty thành viên ID: 7
2025-01-15 10:57:49 - ico_web0108v2 - Admin - Xóa công ty thành viên ID: 1
2025-01-15 10:57:49 - ico_web0108v2 - Admin - Xóa công ty thành viên ID: 2
2025-01-15 10:57:51 - ico_web0108v2 - Admin - Xóa thùng rác công ty thành viên
2025-01-15 11:17:08 - ico_web0108v2 - Admin - Xóa phản hồi khách hàng ID: 1
2025-01-15 11:17:08 - ico_web0108v2 - Admin - Xóa phản hồi khách hàng ID: 24
2025-01-15 11:26:22 - ico_web0108v2 - Admin - Xóa phản hồi khách hàng ID: 26
2025-01-15 11:32:03 - ico_web0108v2 - Admin - Xóa vĩnh viễn phản hồi khách hàng ID: 26
2025-01-15 13:41:20 - ico_web0108v2 - Admin - Xóa phản hồi khách hàng ID: 27
2025-01-15 13:45:44 - ico_web0108v2 - Admin - Phục hồi phản hồi khách hàng ID: 1
2025-01-15 13:47:23 - ico_web0108v2 - Admin - Xóa phản hồi khách hàng ID: 1
2025-01-15 13:47:53 - ico_web0108v2 - Admin - Xóa vĩnh viễn phản hồi khách hàng ID: 1
2025-01-15 13:47:53 - ico_web0108v2 - Admin - Xóa vĩnh viễn phản hồi khách hàng ID: 27
2025-01-15 13:52:45 - ico_web0108v2 - Admin - Xóa phản hồi khách hàng ID: 28
2025-01-15 13:52:45 - ico_web0108v2 - Admin - Xóa phản hồi khách hàng ID: 29
2025-01-15 13:53:20 - ico_web0108v2 - Admin - Xóa vĩnh viễn phản hồi khách hàng ID: 28
2025-01-15 13:53:20 - ico_web0108v2 - Admin - Xóa vĩnh viễn phản hồi khách hàng ID: 29
2025-01-15 13:54:40 - ico_web0108v2 - Admin -  Đăng nhập
2025-01-15 13:55:28 - ico_web0108v2 - Admin - Xóa phản hồi khách hàng ID: 30
2025-01-15 13:55:28 - ico_web0108v2 - Admin - Xóa phản hồi khách hàng ID: 31
2025-01-15 13:55:28 - ico_web0108v2 - Admin - Xóa phản hồi khách hàng ID: 32
2025-01-15 13:55:30 - ico_web0108v2 - Admin - Phục hồi phản hồi khách hàng ID: 30
2025-01-15 13:56:46 - ico_web0108v2 - Admin - Xóa thùng rác phản hồi khách hàng
2025-01-15 14:52:25 - ico_web0108v2 - Admin -  Đăng nhập
2025-01-15 14:55:29 - ico_web0108v2 - Admin - Xóa sản phẩm ID: 26
2025-01-15 14:55:32 - ico_web0108v2 - Admin - Phục hồi sản phẩm ID: 26
2025-01-16 10:32:17 - ico_web0108v2 - Admin -  Đăng nhập
2025-01-16 10:36:33 - ico_web0108v2 - Admin -  Đăng nhập
2025-01-16 10:36:47 - ico_web0108v2 - Admin - Sửa tên, icon website ID: 3
2025-01-16 10:57:07 - ico_web0108v2 - Admin - Sửa footer
2025-01-16 10:57:17 - ico_web0108v2 - Admin - Sửa footer
2025-01-16 10:58:43 - ico_web0108v2 - Admin - Sửa footer
2025-01-16 11:19:23 - ico_web0108v2 - Admin - Thêm bài viết ID: 156
2025-01-17 09:20:01 - ico_web0108v2 - Quản trị viên -  Đăng nhập
2025-01-17 09:23:40 - ico_web0108v2 - Quản trị viên - Sửa footer
2025-01-17 16:29:07 - ico_web0108v2 - Quản trị viên - Thêm bài viết ID: 441
2025-01-17 16:29:22 - ico_web0108v2 - Quản trị viên - Sửa bài viết ID: 441
2025-01-17 17:11:01 - ico_web0108v2 - Quản trị viên - Thêm bài viết ID: 442
2025-01-17 17:12:51 - ico_web0108v2 - Quản trị viên - Sửa bài viết ID: 441
2025-01-17 17:15:10 - ico_web0108v2 - Quản trị viên - Sửa bài viết ID: 441
2025-01-17 17:26:20 - ico_web0108v2 - Quản trị viên -  Đăng nhập
2025-01-17 17:27:35 - ico_web0108v2 - Quản trị viên - Thêm bài viết ID: 443
2025-02-10 16:15:23 - ico_web0108v2 - Quản trị viên - Sửa tên, icon website ID: 1
2025-02-10 16:15:35 - ico_web0108v2 - Quản trị viên - Sửa tên, icon website ID: 1
2025-02-10 16:59:04 - ico_web0108v2 - Quản trị viên - Sửa tên, icon website ID: 3
2025-02-10 16:59:13 - ico_web0108v2 - Quản trị viên - Sửa tên, icon website ID: 1
2025-02-12 17:15:55 - ico_web0108v2 - Quản trị viên - Đăng xuất
2025-02-12 17:15:58 - ico_web0108v2 - Quản trị viên -  Đăng nhập
2025-02-13 01:48:47 - ico_web0108v2 - Lê Đức Dương -  Đăng nhập
2025-02-15 07:11:48 - ico_web0108v2 - Lê Đức Dương - Đăng xuất
2025-02-15 07:11:53 - ico_web0108v2 - Quản trị viên -  Đăng nhập
2025-02-15 07:15:44 - ico_web0108v2 - Quản trị viên - Đăng xuất
2025-02-15 07:16:21 - ico_web0108v2 - Lê Đức Dương -  Đăng nhập
2025-02-15 07:17:16 - ico_web0108v2 - Lê Đức Dương - Sửa use ID: 12
2025-02-15 07:17:16 - ico_web0108v2 - Lê Đức Dương - Đăng xuất
2025-02-15 07:17:19 - ico_web0108v2 - Lê Đức Dương -  Đăng nhập
2025-02-15 07:47:13 - ico_web0108v2 - Lê Đức Dương - Đăng xuất
2025-02-15 07:48:11 - ico_web0108v2 - Quản trị viên -  Đăng nhập
